2022-06-03 11:54:12,864 p=25127 u=root n=spnego.gss | Python gssapi not available, cannot use any GSSAPIProxy protocols: No module named gssapi
2022-06-03 11:54:12,864 p=25127 u=root n=spnego.gss | Python gssapi IOV extension not available: No module named gssapi.raw
2022-06-03 11:54:12,888 p=25127 u=root n=spnego.sspi | SSPI bindings not available, cannot use any SSPIProxy protocols: No module named sspi
2022-06-03 11:54:13,039 p=25127 u=root n=ansible | PLAY [Hello World Play] *****************************************************************************************************************
2022-06-03 11:54:13,050 p=25127 u=root n=ansible | TASK [Update /etc/motd file] ************************************************************************************************************
2022-06-03 11:54:13,218 p=25127 u=root n=ansible | fatal: [rheldev2]: UNREACHABLE! => {"changed": false, "msg": "Failed to connect to the host via ssh: Permission denied (publickey,password).", "unreachable": true}
2022-06-03 11:54:15,275 p=25127 u=root n=ansible | ok: [rheldev]
2022-06-03 11:54:15,277 p=25127 u=root n=ansible | PLAY RECAP ******************************************************************************************************************************
2022-06-03 11:54:15,278 p=25127 u=root n=ansible | rheldev                    : ok=1    changed=0    unreachable=0    failed=0    skipped=0    rescued=0    ignored=0   
2022-06-03 11:54:15,278 p=25127 u=root n=ansible | rheldev2                   : ok=0    changed=0    unreachable=1    failed=0    skipped=0    rescued=0    ignored=0   
2022-06-03 12:11:37,008 p=26635 u=root n=spnego.gss | Python gssapi not available, cannot use any GSSAPIProxy protocols: No module named gssapi
2022-06-03 12:11:37,009 p=26635 u=root n=spnego.gss | Python gssapi IOV extension not available: No module named gssapi.raw
2022-06-03 12:11:37,025 p=26635 u=root n=spnego.sspi | SSPI bindings not available, cannot use any SSPIProxy protocols: No module named sspi
2022-06-03 12:11:37,149 p=26635 u=root n=ansible | playbook: 09_block_rescue.yaml
2022-06-03 12:11:50,107 p=26664 u=root n=spnego.gss | Python gssapi not available, cannot use any GSSAPIProxy protocols: No module named gssapi
2022-06-03 12:11:50,108 p=26664 u=root n=spnego.gss | Python gssapi IOV extension not available: No module named gssapi.raw
2022-06-03 12:11:50,122 p=26664 u=root n=spnego.sspi | SSPI bindings not available, cannot use any SSPIProxy protocols: No module named sspi
2022-06-03 12:11:50,249 p=26664 u=root n=ansible | playbook: 09_block_rescue.yaml
2022-06-03 12:20:50,196 p=27400 u=root n=spnego.gss | Python gssapi not available, cannot use any GSSAPIProxy protocols: No module named gssapi
2022-06-03 12:20:50,196 p=27400 u=root n=spnego.gss | Python gssapi IOV extension not available: No module named gssapi.raw
2022-06-03 12:20:50,214 p=27400 u=root n=spnego.sspi | SSPI bindings not available, cannot use any SSPIProxy protocols: No module named sspi
2022-06-03 12:20:50,471 p=27400 u=root n=spnego.negotiate | SPNEGO step input: 
2022-06-03 12:20:50,476 p=27400 u=root n=spnego.negotiate | SPNEGO step output: YEAGBisGAQUFAqA2MDSgDjAMBgorBgEEAYI3AgIKoiIEIE5UTE1TU1AAAQAAADeCCOAAAAAAIAAAAAAAAAAgAAAA
2022-06-03 12:20:50,480 p=27400 u=root n=spnego.negotiate | SPNEGO step input: oYIBAjCB/6ADCgEBoQwGCisGAQQBgjcCAgqigekEgeZOVExNU1NQAAIAAAAQABAAOAAAADWCieIgw0hdEYxhfgAAAAAAAAAAngCeAEgAAAAKAGNFAAAAD0sATwBOAFMAQQBMAFQAMAACABAASwBPAE4AUwBBAEwAVAAwAAEAEABTADAAMAAxAEkAUABBADEABAAYAGsAbwBuAHMAYQBsAHQALgB0AGUAcwB0AAMAKgBzADAAMAAxAGkAcABhADEALgBrAG8AbgBzAGEAbAB0AC4AdABlAHMAdAAFABgAawBvAG4AcwBhAGwAdAAuAHQAZQBzAHQABwAIABBHsxEsd9gBAAAAAA==
2022-06-03 12:20:50,484 p=27400 u=root n=spnego.negotiate | SPNEGO step output: oYIB3zCCAdugAwoBA6KCAb4EggG6TlRMTVNTUAADAAAAGAAYAFgAAAD6APoAcAAAAAAAAABqAQAAGgAaAGoBAAAmACYAhAEAABAAEACqAQAANYKJ4gABAgAAAAAP8r+5ShBJLmKGc2VxFPP0MAAAAAAAAAAAAAAAAAAAAAAAAAAAAAAAAG0poqTroRJee+PlbDtHzvYBAQAAAAAAABBHsxEsd9gB9F7MXkK6DhsAAAAAAgAQAEsATwBOAFMAQQBMAFQAMAABABAAUwAwADAAMQBJAFAAQQAxAAQAGABrAG8AbgBzAGEAbAB0AC4AdABlAHMAdAADACoAcwAwADAAMQBpAHAAYQAxAC4AawBvAG4AcwBhAGwAdAAuAHQAZQBzAHQABQAYAGsAbwBuAHMAYQBsAHQALgB0AGUAcwB0AAcACAAQR7MRLHfYAQkAIABIAFQAVABQAC8AMQA5ADIALgAxADYAOAAuADEALgA5AAYABAACAAAAAAAAAAAAAABhAGQAbQBpAG4AaQBzAHQAcgBhAHQAbwByAEEAVABPAFcARQBSAC4ASwBPAE4AUwBBAEwAVAAuAEkATgBGAE8Av8fGrhQTK9X8xr4/TcAlxqMSBBABAAAA5n7SAWhbHj8AAAAA
2022-06-03 12:20:50,488 p=27400 u=root n=spnego.negotiate | SPNEGO step input: oRswGaADCgEAoxIEEAEAAAD0lEsYJcEWYQAAAAA=
2022-06-03 12:20:50,488 p=27400 u=root n=spnego.negotiate | SPNEGO step output: 
2022-06-03 12:20:55,347 p=27391 u=root n=ansible | winserver | SUCCESS => {
    "ansible_facts": {
        "ansible_architecture": "64-bit", 
        "ansible_bios_date": "06.19.2019", 
        "ansible_bios_version": "VMW71.00V.13989454.B64.1906190538", 
        "ansible_date_time": {
            "date": "2022-06-03", 
            "day": "03", 
            "epoch": "1654259218,11888", 
            "hour": "12", 
            "iso8601": "2022-06-03T09:26:58Z", 
            "iso8601_basic": "20220603T122658118878", 
            "iso8601_basic_short": "20220603T122658", 
            "iso8601_micro": "2022-06-03T09:26:58.118878Z", 
            "minute": "26", 
            "month": "06", 
            "second": "58", 
            "time": "12:26:58", 
            "tz": "Turkey Standard Time", 
            "tz_offset": "+03:00", 
            "weekday": "Friday", 
            "weekday_number": "5", 
            "weeknumber": "22", 
            "year": "2022"
        }, 
        "ansible_distribution": "Microsoft Windows Server 2019 Datacenter Evaluation", 
        "ansible_distribution_major_version": "10", 
        "ansible_distribution_version": "10.0.17763.0", 
        "ansible_domain": "konsalt.test", 
        "ansible_env": {
            "ALLUSERSPROFILE": "C:\\ProgramData", 
            "APPDATA": "C:\\Users\\Administrator\\AppData\\Roaming", 
            "COMPUTERNAME": "S001IPA1", 
            "ComSpec": "C:\\Windows\\system32\\cmd.exe", 
            "CommonProgramFiles": "C:\\Program Files\\Common Files", 
            "CommonProgramFiles(x86)": "C:\\Program Files (x86)\\Common Files", 
            "CommonProgramW6432": "C:\\Program Files\\Common Files", 
            "DriverData": "C:\\Windows\\System32\\Drivers\\DriverData", 
            "HOMEDRIVE": "C:", 
            "HOMEPATH": "\\Users\\Administrator", 
            "LOCALAPPDATA": "C:\\Users\\Administrator\\AppData\\Local", 
            "LOGONSERVER": "\\\\S001IPA1", 
            "NUMBER_OF_PROCESSORS": "4", 
            "OS": "Windows_NT", 
            "PATHEXT": ".COM;.EXE;.BAT;.CMD;.VBS;.VBE;.JS;.JSE;.WSF;.WSH;.MSC;.CPL", 
            "PROCESSOR_ARCHITECTURE": "AMD64", 
            "PROCESSOR_IDENTIFIER": "Intel64 Family 6 Model 85 Stepping 7, GenuineIntel", 
            "PROCESSOR_LEVEL": "6", 
            "PROCESSOR_REVISION": "5507", 
            "PROMPT": "$P$G", 
            "PSExecutionPolicyPreference": "Unrestricted", 
            "PSModulePath": "C:\\Users\\Administrator\\Documents\\WindowsPowerShell\\Modules;C:\\Program Files\\WindowsPowerShell\\Modules;C:\\Windows\\system32\\WindowsPowerShell\\v1.0\\Modules;C:\\Program Files (x86)\\Microsoft SQL Server\\130\\Tools\\PowerShell\\Modules\\;C:\\Program Files\\Veeam\\Backup and Replication\\Console\\;C:\\Program Files\\Veeam\\Backup and Replication\\Explorers\\Exchange\\;C:\\Program Files\\Veeam\\Backup and Replication\\Explorers\\SharePoint\\;C:\\Program Files\\Veeam\\Backup and Replication\\Explorers\\SQL\\;C:\\Program Files\\Veeam\\Backup and Replication\\Explorers\\ActiveDirectory\\;C:\\Program Files\\Veeam\\Backup and Replication\\Explorers\\Teams\\;C:\\Program Files\\Veeam\\Backup and Replication\\Explorers\\Oracle", 
            "PUBLIC": "C:\\Users\\Public", 
            "Path": "C:\\Windows\\system32;C:\\Windows;C:\\Windows\\System32\\Wbem;C:\\Windows\\System32\\WindowsPowerShell\\v1.0\\;C:\\Windows\\System32\\OpenSSH\\;C:\\Program Files\\dotnet\\;C:\\Program Files\\Microsoft SQL Server\\Client SDK\\ODBC\\130\\Tools\\Binn\\;C:\\Program Files (x86)\\Microsoft SQL Server\\130\\Tools\\Binn\\;C:\\Program Files\\Microsoft SQL Server\\130\\Tools\\Binn\\;C:\\Program Files\\Microsoft SQL Server\\130\\DTS\\Binn\\;C:\\Users\\Administrator\\AppData\\Local\\Microsoft\\WindowsApps", 
            "ProgramData": "C:\\ProgramData", 
            "ProgramFiles": "C:\\Program Files", 
            "ProgramFiles(x86)": "C:\\Program Files (x86)", 
            "ProgramW6432": "C:\\Program Files", 
            "SystemDrive": "C:", 
            "SystemRoot": "C:\\Windows", 
            "TEMP": "C:\\Users\\ADMINI~1\\AppData\\Local\\Temp", 
            "TMP": "C:\\Users\\ADMINI~1\\AppData\\Local\\Temp", 
            "USERDNSDOMAIN": "KONSALT.TEST", 
            "USERDOMAIN": "KONSALT0", 
            "USERDOMAIN_ROAMINGPROFILE": "KONSALT0", 
            "USERNAME": "administrator", 
            "USERPROFILE": "C:\\Users\\Administrator", 
            "windir": "C:\\Windows"
        }, 
        "ansible_fqdn": "s001ipa1.konsalt.test", 
        "ansible_hostname": "s001ipa1", 
        "ansible_interfaces": [
            {
                "connection_name": "Ethernet0", 
                "default_gateway": "192.168.0.1", 
                "dns_domain": null, 
                "interface_index": 11, 
                "interface_name": "Intel(R) 82574L Gigabit Network Connection", 
                "macaddress": "00:50:56:AD:3A:B6"
            }
        ], 
        "ansible_ip_addresses": [
            "192.168.1.9"
        ], 
        "ansible_kernel": "10.0.17763.0", 
        "ansible_lastboot": "2022-04-12 14:25:26Z", 
        "ansible_machine_id": "S-1-5-21-2674975744-1396518953-2497728302", 
        "ansible_memtotal_mb": 8191, 
        "ansible_netbios_name": "S001IPA1", 
        "ansible_nodename": "s001ipa1.konsalt.test", 
        "ansible_os_family": "Windows", 
        "ansible_os_name": "Microsoft Windows Server 2019 Datacenter Evaluation", 
        "ansible_os_product_type": "domain_controller", 
        "ansible_owner_contact": "", 
        "ansible_owner_name": "Windows User", 
        "ansible_powershell_version": 5, 
        "ansible_processor": [
            "GenuineIntel", 
            "Intel(R) Xeon(R) Silver 4210 CPU @ 2.20GHz", 
            "GenuineIntel", 
            "Intel(R) Xeon(R) Silver 4210 CPU @ 2.20GHz", 
            "GenuineIntel", 
            "Intel(R) Xeon(R) Silver 4210 CPU @ 2.20GHz", 
            "GenuineIntel", 
            "Intel(R) Xeon(R) Silver 4210 CPU @ 2.20GHz"
        ], 
        "ansible_processor_cores": 2, 
        "ansible_processor_count": 2, 
        "ansible_processor_threads_per_core": 1, 
        "ansible_processor_vcpus": 4, 
        "ansible_product_name": "VMware7,1", 
        "ansible_product_serial": "VMware-56 4d 9d fa 48 13 ca f6-e7 a3 ef d7 41 e7 08 e9", 
        "ansible_reboot_pending": null, 
        "ansible_swaptotal_mb": 0, 
        "ansible_system": "Win32NT", 
        "ansible_system_description": "", 
        "ansible_system_vendor": "VMware, Inc.", 
        "ansible_uptime_seconds": 4485695, 
        "ansible_user_dir": "C:\\Users\\Administrator", 
        "ansible_user_gecos": "", 
        "ansible_user_id": "administrator", 
        "ansible_user_sid": "S-1-5-21-2674975744-1396518953-2497728302-500", 
        "ansible_virtualization_role": "NA", 
        "ansible_virtualization_type": "NA", 
        "ansible_win_rm_certificate_expires": "2022-04-05 14:08:59", 
        "ansible_windows_domain": "konsalt.test", 
        "ansible_windows_domain_member": true, 
        "ansible_windows_domain_role": "Primary domain controller", 
        "gather_subset": [
            "all"
        ], 
        "module_setup": true
    }, 
    "changed": false
}
2022-06-03 12:24:42,234 p=27656 u=root n=spnego.gss | Python gssapi not available, cannot use any GSSAPIProxy protocols: No module named gssapi
2022-06-03 12:24:42,234 p=27656 u=root n=spnego.gss | Python gssapi IOV extension not available: No module named gssapi.raw
2022-06-03 12:24:42,250 p=27656 u=root n=spnego.sspi | SSPI bindings not available, cannot use any SSPIProxy protocols: No module named sspi
2022-06-03 12:24:42,483 p=27656 u=root n=ansible | [WARNING]: Could not match supplied host pattern, ignoring: windows_hosts

2022-06-03 12:24:42,485 p=27656 u=root n=ansible | playbook: 10_template_example.yaml
2022-06-03 13:48:34,340 p=893 u=root n=spnego.gss | Python gssapi not available, cannot use any GSSAPIProxy protocols: No module named gssapi
2022-06-03 13:48:34,341 p=893 u=root n=spnego.gss | Python gssapi IOV extension not available: No module named gssapi.raw
2022-06-03 13:48:34,358 p=893 u=root n=spnego.sspi | SSPI bindings not available, cannot use any SSPIProxy protocols: No module named sspi
2022-06-03 13:48:34,615 p=893 u=root n=spnego.negotiate | SPNEGO step input: 
2022-06-03 13:48:34,618 p=893 u=root n=spnego.negotiate | SPNEGO step output: YEAGBisGAQUFAqA2MDSgDjAMBgorBgEEAYI3AgIKoiIEIE5UTE1TU1AAAQAAADeCCOAAAAAAIAAAAAAAAAAgAAAA
2022-06-03 13:48:34,621 p=893 u=root n=spnego.negotiate | SPNEGO step input: oYIBAjCB/6ADCgEBoQwGCisGAQQBgjcCAgqigekEgeZOVExNU1NQAAIAAAAQABAAOAAAADWCieK615Wt8HDAXgAAAAAAAAAAngCeAEgAAAAKAGNFAAAAD0sATwBOAFMAQQBMAFQAMAACABAASwBPAE4AUwBBAEwAVAAwAAEAEABTADAAMAAxAEkAUABBADEABAAYAGsAbwBuAHMAYQBsAHQALgB0AGUAcwB0AAMAKgBzADAAMAAxAGkAcABhADEALgBrAG8AbgBzAGEAbAB0AC4AdABlAHMAdAAFABgAawBvAG4AcwBhAGwAdAAuAHQAZQBzAHQABwAIACU6aFM4d9gBAAAAAA==
2022-06-03 13:48:34,624 p=893 u=root n=spnego.negotiate | SPNEGO step output: oYIB3zCCAdugAwoBA6KCAb4EggG6TlRMTVNTUAADAAAAGAAYAFgAAAD6APoAcAAAAAAAAABqAQAAGgAaAGoBAAAmACYAhAEAABAAEACqAQAANYKJ4gABAgAAAAAP4TFhB2t+8NLd3xiQ32hLBwAAAAAAAAAAAAAAAAAAAAAAAAAAAAAAANs5q21Ivlni3bGCZf4yHX4BAQAAAAAAACU6aFM4d9gB+tEChxDCbyIAAAAAAgAQAEsATwBOAFMAQQBMAFQAMAABABAAUwAwADAAMQBJAFAAQQAxAAQAGABrAG8AbgBzAGEAbAB0AC4AdABlAHMAdAADACoAcwAwADAAMQBpAHAAYQAxAC4AawBvAG4AcwBhAGwAdAAuAHQAZQBzAHQABQAYAGsAbwBuAHMAYQBsAHQALgB0AGUAcwB0AAcACAAlOmhTOHfYAQkAIABIAFQAVABQAC8AMQA5ADIALgAxADYAOAAuADEALgA5AAYABAACAAAAAAAAAAAAAABhAGQAbQBpAG4AaQBzAHQAcgBhAHQAbwByAEEAVABPAFcARQBSAC4ASwBPAE4AUwBBAEwAVAAuAEkATgBGAE8AnO4OxYQEQB4HHRvZZ+NV06MSBBABAAAARms42m3bsRcAAAAA
2022-06-03 13:48:34,628 p=893 u=root n=spnego.negotiate | SPNEGO step input: oRswGaADCgEAoxIEEAEAAAA0b/wl5rLHzAAAAAA=
2022-06-03 13:48:34,629 p=893 u=root n=spnego.negotiate | SPNEGO step output: 
2022-06-03 13:48:39,418 p=884 u=root n=ansible | winserver | SUCCESS => {
    "ansible_facts": {
        "ansible_architecture": "64-bit", 
        "ansible_bios_date": "06.19.2019", 
        "ansible_bios_version": "VMW71.00V.13989454.B64.1906190538", 
        "ansible_date_time": {
            "date": "2022-06-03", 
            "day": "03", 
            "epoch": "1654264482,23935", 
            "hour": "13", 
            "iso8601": "2022-06-03T10:54:42Z", 
            "iso8601_basic": "20220603T135442239345", 
            "iso8601_basic_short": "20220603T135442", 
            "iso8601_micro": "2022-06-03T10:54:42.239345Z", 
            "minute": "54", 
            "month": "06", 
            "second": "42", 
            "time": "13:54:42", 
            "tz": "Turkey Standard Time", 
            "tz_offset": "+03:00", 
            "weekday": "Friday", 
            "weekday_number": "5", 
            "weeknumber": "22", 
            "year": "2022"
        }, 
        "ansible_distribution": "Microsoft Windows Server 2019 Datacenter Evaluation", 
        "ansible_distribution_major_version": "10", 
        "ansible_distribution_version": "10.0.17763.0", 
        "ansible_domain": "konsalt.test", 
        "ansible_env": {
            "ALLUSERSPROFILE": "C:\\ProgramData", 
            "APPDATA": "C:\\Users\\Administrator\\AppData\\Roaming", 
            "COMPUTERNAME": "S001IPA1", 
            "ComSpec": "C:\\Windows\\system32\\cmd.exe", 
            "CommonProgramFiles": "C:\\Program Files\\Common Files", 
            "CommonProgramFiles(x86)": "C:\\Program Files (x86)\\Common Files", 
            "CommonProgramW6432": "C:\\Program Files\\Common Files", 
            "DriverData": "C:\\Windows\\System32\\Drivers\\DriverData", 
            "HOMEDRIVE": "C:", 
            "HOMEPATH": "\\Users\\Administrator", 
            "LOCALAPPDATA": "C:\\Users\\Administrator\\AppData\\Local", 
            "LOGONSERVER": "\\\\S001IPA1", 
            "NUMBER_OF_PROCESSORS": "4", 
            "OS": "Windows_NT", 
            "PATHEXT": ".COM;.EXE;.BAT;.CMD;.VBS;.VBE;.JS;.JSE;.WSF;.WSH;.MSC;.CPL", 
            "PROCESSOR_ARCHITECTURE": "AMD64", 
            "PROCESSOR_IDENTIFIER": "Intel64 Family 6 Model 85 Stepping 7, GenuineIntel", 
            "PROCESSOR_LEVEL": "6", 
            "PROCESSOR_REVISION": "5507", 
            "PROMPT": "$P$G", 
            "PSExecutionPolicyPreference": "Unrestricted", 
            "PSModulePath": "C:\\Users\\Administrator\\Documents\\WindowsPowerShell\\Modules;C:\\Program Files\\WindowsPowerShell\\Modules;C:\\Windows\\system32\\WindowsPowerShell\\v1.0\\Modules;C:\\Program Files (x86)\\Microsoft SQL Server\\130\\Tools\\PowerShell\\Modules\\;C:\\Program Files\\Veeam\\Backup and Replication\\Console\\;C:\\Program Files\\Veeam\\Backup and Replication\\Explorers\\Exchange\\;C:\\Program Files\\Veeam\\Backup and Replication\\Explorers\\SharePoint\\;C:\\Program Files\\Veeam\\Backup and Replication\\Explorers\\SQL\\;C:\\Program Files\\Veeam\\Backup and Replication\\Explorers\\ActiveDirectory\\;C:\\Program Files\\Veeam\\Backup and Replication\\Explorers\\Teams\\;C:\\Program Files\\Veeam\\Backup and Replication\\Explorers\\Oracle", 
            "PUBLIC": "C:\\Users\\Public", 
            "Path": "C:\\Windows\\system32;C:\\Windows;C:\\Windows\\System32\\Wbem;C:\\Windows\\System32\\WindowsPowerShell\\v1.0\\;C:\\Windows\\System32\\OpenSSH\\;C:\\Program Files\\dotnet\\;C:\\Program Files\\Microsoft SQL Server\\Client SDK\\ODBC\\130\\Tools\\Binn\\;C:\\Program Files (x86)\\Microsoft SQL Server\\130\\Tools\\Binn\\;C:\\Program Files\\Microsoft SQL Server\\130\\Tools\\Binn\\;C:\\Program Files\\Microsoft SQL Server\\130\\DTS\\Binn\\;C:\\Users\\Administrator\\AppData\\Local\\Microsoft\\WindowsApps", 
            "ProgramData": "C:\\ProgramData", 
            "ProgramFiles": "C:\\Program Files", 
            "ProgramFiles(x86)": "C:\\Program Files (x86)", 
            "ProgramW6432": "C:\\Program Files", 
            "SystemDrive": "C:", 
            "SystemRoot": "C:\\Windows", 
            "TEMP": "C:\\Users\\ADMINI~1\\AppData\\Local\\Temp", 
            "TMP": "C:\\Users\\ADMINI~1\\AppData\\Local\\Temp", 
            "USERDNSDOMAIN": "KONSALT.TEST", 
            "USERDOMAIN": "KONSALT0", 
            "USERDOMAIN_ROAMINGPROFILE": "KONSALT0", 
            "USERNAME": "administrator", 
            "USERPROFILE": "C:\\Users\\Administrator", 
            "windir": "C:\\Windows"
        }, 
        "ansible_fqdn": "s001ipa1.konsalt.test", 
        "ansible_hostname": "s001ipa1", 
        "ansible_interfaces": [
            {
                "connection_name": "Ethernet0", 
                "default_gateway": "192.168.0.1", 
                "dns_domain": null, 
                "interface_index": 11, 
                "interface_name": "Intel(R) 82574L Gigabit Network Connection", 
                "macaddress": "00:50:56:AD:3A:B6"
            }
        ], 
        "ansible_ip_addresses": [
            "192.168.1.9"
        ], 
        "ansible_kernel": "10.0.17763.0", 
        "ansible_lastboot": "2022-04-12 14:25:26Z", 
        "ansible_machine_id": "S-1-5-21-2674975744-1396518953-2497728302", 
        "ansible_memtotal_mb": 8191, 
        "ansible_netbios_name": "S001IPA1", 
        "ansible_nodename": "s001ipa1.konsalt.test", 
        "ansible_os_family": "Windows", 
        "ansible_os_name": "Microsoft Windows Server 2019 Datacenter Evaluation", 
        "ansible_os_product_type": "domain_controller", 
        "ansible_owner_contact": "", 
        "ansible_owner_name": "Windows User", 
        "ansible_powershell_version": 5, 
        "ansible_processor": [
            "GenuineIntel", 
            "Intel(R) Xeon(R) Silver 4210 CPU @ 2.20GHz", 
            "GenuineIntel", 
            "Intel(R) Xeon(R) Silver 4210 CPU @ 2.20GHz", 
            "GenuineIntel", 
            "Intel(R) Xeon(R) Silver 4210 CPU @ 2.20GHz", 
            "GenuineIntel", 
            "Intel(R) Xeon(R) Silver 4210 CPU @ 2.20GHz"
        ], 
        "ansible_processor_cores": 2, 
        "ansible_processor_count": 2, 
        "ansible_processor_threads_per_core": 1, 
        "ansible_processor_vcpus": 4, 
        "ansible_product_name": "VMware7,1", 
        "ansible_product_serial": "VMware-56 4d 9d fa 48 13 ca f6-e7 a3 ef d7 41 e7 08 e9", 
        "ansible_reboot_pending": null, 
        "ansible_swaptotal_mb": 0, 
        "ansible_system": "Win32NT", 
        "ansible_system_description": "", 
        "ansible_system_vendor": "VMware, Inc.", 
        "ansible_uptime_seconds": 4490959, 
        "ansible_user_dir": "C:\\Users\\Administrator", 
        "ansible_user_gecos": "", 
        "ansible_user_id": "administrator", 
        "ansible_user_sid": "S-1-5-21-2674975744-1396518953-2497728302-500", 
        "ansible_virtualization_role": "NA", 
        "ansible_virtualization_type": "NA", 
        "ansible_win_rm_certificate_expires": "2022-04-05 14:08:59", 
        "ansible_windows_domain": "konsalt.test", 
        "ansible_windows_domain_member": true, 
        "ansible_windows_domain_role": "Primary domain controller", 
        "gather_subset": [
            "all"
        ], 
        "module_setup": true
    }, 
    "changed": false
}
2022-06-03 13:49:22,044 p=972 u=root n=ansible | localhost | SUCCESS => {
    "ansible_facts": {
        "ansible_all_ipv4_addresses": [
            "192.168.3.151"
        ], 
        "ansible_default_ipv4": {
            "address": "192.168.3.151", 
            "alias": "ens192", 
            "broadcast": "192.168.255.255", 
            "gateway": "192.168.0.1", 
            "interface": "ens192", 
            "macaddress": "00:50:56:8d:c9:be", 
            "mtu": 1500, 
            "netmask": "255.255.0.0", 
            "network": "192.168.0.0", 
            "type": "ether"
        }
    }, 
    "changed": false
}
2022-06-03 13:55:22,734 p=1440 u=root n=spnego.gss | Python gssapi not available, cannot use any GSSAPIProxy protocols: No module named gssapi
2022-06-03 13:55:22,734 p=1440 u=root n=spnego.gss | Python gssapi IOV extension not available: No module named gssapi.raw
2022-06-03 13:55:22,751 p=1440 u=root n=spnego.sspi | SSPI bindings not available, cannot use any SSPIProxy protocols: No module named sspi
2022-06-03 13:55:22,996 p=1440 u=root n=ansible | playbook: 11_template_hosts_file.yaml
2022-06-03 15:04:07,019 p=7044 u=root n=spnego.gss | Python gssapi not available, cannot use any GSSAPIProxy protocols: No module named gssapi
2022-06-03 15:04:07,019 p=7044 u=root n=spnego.gss | Python gssapi IOV extension not available: No module named gssapi.raw
2022-06-03 15:04:07,035 p=7044 u=root n=spnego.sspi | SSPI bindings not available, cannot use any SSPIProxy protocols: No module named sspi
2022-06-03 15:04:07,168 p=7044 u=root n=ansible | playbook: 14_async_example.yaml
2022-06-27 17:50:29,903 p=27386 u=root n=spnego.gss | Python gssapi not available, cannot use any GSSAPIProxy protocols: No module named gssapi
2022-06-27 17:50:29,903 p=27386 u=root n=spnego.gss | Python gssapi IOV extension not available: No module named gssapi.raw
2022-06-27 17:50:29,922 p=27386 u=root n=spnego.sspi | SSPI bindings not available, cannot use any SSPIProxy protocols: No module named sspi
2022-06-27 17:50:29,987 p=27386 u=root n=ansible | playbook: deneme.yml
2022-06-27 18:47:31,589 p=31446 u=root n=ansible | ansible-playbook 2.9.7
  config file = /var/lib/awx/projects/halkbank-infra/ansible.cfg
  configured module search path = [u'/root/.ansible/plugins/modules', u'/usr/share/ansible/plugins/modules']
  ansible python module location = /usr/lib/python2.7/site-packages/ansible
  executable location = /usr/bin/ansible-playbook
  python version = 2.7.5 (default, Aug 13 2020, 02:51:10) [GCC 4.8.5 20150623 (Red Hat 4.8.5-39)]
2022-06-27 18:47:31,590 p=31446 u=root n=ansible | Using /var/lib/awx/projects/halkbank-infra/ansible.cfg as config file
2022-06-27 18:47:31,604 p=31446 u=root n=ansible | host_list declined parsing /var/lib/awx/projects/halkbank-infra/inventory as it did not pass its verify_file() method
2022-06-27 18:47:31,604 p=31446 u=root n=ansible | script declined parsing /var/lib/awx/projects/halkbank-infra/inventory as it did not pass its verify_file() method
2022-06-27 18:47:31,604 p=31446 u=root n=ansible | auto declined parsing /var/lib/awx/projects/halkbank-infra/inventory as it did not pass its verify_file() method
2022-06-27 18:47:31,609 p=31446 u=root n=ansible | Parsed /var/lib/awx/projects/halkbank-infra/inventory inventory source with ini plugin
2022-06-27 18:47:31,907 p=31446 u=root n=spnego.gss | Python gssapi not available, cannot use any GSSAPIProxy protocols: No module named gssapi
2022-06-27 18:47:31,907 p=31446 u=root n=spnego.gss | Python gssapi IOV extension not available: No module named gssapi.raw
2022-06-27 18:47:31,923 p=31446 u=root n=spnego.sspi | SSPI bindings not available, cannot use any SSPIProxy protocols: No module named sspi
2022-06-27 18:47:32,080 p=31446 u=root n=ansible | PLAYBOOK: deneme.yml ************************************************************************************************************************************************************************************************************************
2022-06-27 18:47:32,080 p=31446 u=root n=ansible | 1 plays in deneme.yml
2022-06-27 18:47:32,085 p=31446 u=root n=ansible | PLAY [deneme] *******************************************************************************************************************************************************************************************************************************
2022-06-27 18:47:32,099 p=31446 u=root n=ansible | TASK [Gathering Facts] **********************************************************************************************************************************************************************************************************************
2022-06-27 18:47:32,100 p=31446 u=root n=ansible | task path: /var/lib/awx/projects/halkbank-infra/deneme.yml:2
2022-06-27 18:47:32,118 p=31456 u=root n=ansible | <127.0.0.1> ESTABLISH LOCAL CONNECTION FOR USER: root
2022-06-27 18:47:32,118 p=31456 u=root n=ansible | <127.0.0.1> EXEC /bin/sh -c 'echo ~root && sleep 0'
2022-06-27 18:47:32,130 p=31456 u=root n=ansible | <127.0.0.1> EXEC /bin/sh -c '( umask 77 && mkdir -p "` echo /root/.ansible/tmp `"&& mkdir /root/.ansible/tmp/ansible-tmp-1656344852.13-31456-26786275624156 && echo ansible-tmp-1656344852.13-31456-26786275624156="` echo /root/.ansible/tmp/ansible-tmp-1656344852.13-31456-26786275624156 `" ) && sleep 0'
2022-06-27 18:47:32,602 p=31456 u=root n=ansible | Using module file /usr/lib/python2.7/site-packages/ansible/modules/system/setup.py
2022-06-27 18:47:32,603 p=31456 u=root n=ansible | <127.0.0.1> PUT /root/.ansible/tmp/ansible-local-31446ohoxOF/tmphFuXIo TO /root/.ansible/tmp/ansible-tmp-1656344852.13-31456-26786275624156/AnsiballZ_setup.py
2022-06-27 18:47:32,605 p=31456 u=root n=ansible | <127.0.0.1> EXEC /bin/sh -c 'chmod u+x /root/.ansible/tmp/ansible-tmp-1656344852.13-31456-26786275624156/ /root/.ansible/tmp/ansible-tmp-1656344852.13-31456-26786275624156/AnsiballZ_setup.py && sleep 0'
2022-06-27 18:47:32,617 p=31456 u=root n=ansible | <127.0.0.1> EXEC /bin/sh -c '/usr/bin/python2 /root/.ansible/tmp/ansible-tmp-1656344852.13-31456-26786275624156/AnsiballZ_setup.py && sleep 0'
2022-06-27 18:47:33,190 p=31456 u=root n=ansible | <127.0.0.1> EXEC /bin/sh -c 'rm -f -r /root/.ansible/tmp/ansible-tmp-1656344852.13-31456-26786275624156/ > /dev/null 2>&1 && sleep 0'
2022-06-27 18:47:33,232 p=31446 u=root n=ansible | ok: [localhost]
2022-06-27 18:47:33,233 p=31446 u=root n=ansible | META: ran handlers
2022-06-27 18:47:33,266 p=31446 u=root n=ansible | TASK [deneme 1] *****************************************************************************************************************************************************************************************************************************
2022-06-27 18:47:33,266 p=31446 u=root n=ansible | task path: /var/lib/awx/projects/halkbank-infra/deneme.yml:6
2022-06-27 18:47:33,421 p=31446 u=root n=ansible | fatal: [localhost]: FAILED! => {
    "msg": "The task includes an option with an undefined variable. The error was: 'vcenter_hostname' is undefined\n\nThe error appears to be in '/var/lib/awx/projects/halkbank-infra/deneme.yml': line 6, column 5, but may\nbe elsewhere in the file depending on the exact syntax problem.\n\nThe offending line appears to be:\n\n  tasks:\n  - name: deneme 1\n    ^ here\n"
}
2022-06-27 18:47:33,423 p=31446 u=root n=ansible | PLAY RECAP **********************************************************************************************************************************************************************************************************************************
2022-06-27 18:47:33,423 p=31446 u=root n=ansible | localhost                  : ok=1    changed=0    unreachable=0    failed=1    skipped=0    rescued=0    ignored=0   
2022-06-27 18:48:19,810 p=31578 u=root n=ansible | ansible-playbook 2.9.7
  config file = /var/lib/awx/projects/halkbank-infra/ansible.cfg
  configured module search path = [u'/root/.ansible/plugins/modules', u'/usr/share/ansible/plugins/modules']
  ansible python module location = /usr/lib/python2.7/site-packages/ansible
  executable location = /usr/bin/ansible-playbook
  python version = 2.7.5 (default, Aug 13 2020, 02:51:10) [GCC 4.8.5 20150623 (Red Hat 4.8.5-39)]
2022-06-27 18:48:19,810 p=31578 u=root n=ansible | Using /var/lib/awx/projects/halkbank-infra/ansible.cfg as config file
2022-06-27 18:48:19,820 p=31578 u=root n=ansible | host_list declined parsing /var/lib/awx/projects/halkbank-infra/inventory as it did not pass its verify_file() method
2022-06-27 18:48:19,821 p=31578 u=root n=ansible | script declined parsing /var/lib/awx/projects/halkbank-infra/inventory as it did not pass its verify_file() method
2022-06-27 18:48:19,821 p=31578 u=root n=ansible | auto declined parsing /var/lib/awx/projects/halkbank-infra/inventory as it did not pass its verify_file() method
2022-06-27 18:48:19,825 p=31578 u=root n=ansible | Parsed /var/lib/awx/projects/halkbank-infra/inventory inventory source with ini plugin
2022-06-27 18:48:20,106 p=31578 u=root n=spnego.gss | Python gssapi not available, cannot use any GSSAPIProxy protocols: No module named gssapi
2022-06-27 18:48:20,107 p=31578 u=root n=spnego.gss | Python gssapi IOV extension not available: No module named gssapi.raw
2022-06-27 18:48:20,121 p=31578 u=root n=spnego.sspi | SSPI bindings not available, cannot use any SSPIProxy protocols: No module named sspi
2022-06-27 18:48:20,267 p=31578 u=root n=ansible | PLAYBOOK: deneme.yml ************************************************************************************************************************************************************************************************************************
2022-06-27 18:48:20,267 p=31578 u=root n=ansible | 1 plays in deneme.yml
2022-06-27 18:48:20,272 p=31578 u=root n=ansible | PLAY [deneme] *******************************************************************************************************************************************************************************************************************************
2022-06-27 18:48:20,289 p=31578 u=root n=ansible | TASK [Gathering Facts] **********************************************************************************************************************************************************************************************************************
2022-06-27 18:48:20,289 p=31578 u=root n=ansible | task path: /var/lib/awx/projects/halkbank-infra/deneme.yml:2
2022-06-27 18:48:20,309 p=31587 u=root n=ansible | <127.0.0.1> ESTABLISH LOCAL CONNECTION FOR USER: root
2022-06-27 18:48:20,309 p=31587 u=root n=ansible | <127.0.0.1> EXEC /bin/sh -c 'echo ~root && sleep 0'
2022-06-27 18:48:20,320 p=31587 u=root n=ansible | <127.0.0.1> EXEC /bin/sh -c '( umask 77 && mkdir -p "` echo /root/.ansible/tmp `"&& mkdir /root/.ansible/tmp/ansible-tmp-1656344900.32-31587-256796292721705 && echo ansible-tmp-1656344900.32-31587-256796292721705="` echo /root/.ansible/tmp/ansible-tmp-1656344900.32-31587-256796292721705 `" ) && sleep 0'
2022-06-27 18:48:20,767 p=31587 u=root n=ansible | Using module file /usr/lib/python2.7/site-packages/ansible/modules/system/setup.py
2022-06-27 18:48:20,768 p=31587 u=root n=ansible | <127.0.0.1> PUT /root/.ansible/tmp/ansible-local-31578BLtjqx/tmpAe6IBT TO /root/.ansible/tmp/ansible-tmp-1656344900.32-31587-256796292721705/AnsiballZ_setup.py
2022-06-27 18:48:20,769 p=31587 u=root n=ansible | <127.0.0.1> EXEC /bin/sh -c 'chmod u+x /root/.ansible/tmp/ansible-tmp-1656344900.32-31587-256796292721705/ /root/.ansible/tmp/ansible-tmp-1656344900.32-31587-256796292721705/AnsiballZ_setup.py && sleep 0'
2022-06-27 18:48:20,784 p=31587 u=root n=ansible | <127.0.0.1> EXEC /bin/sh -c '/usr/bin/python2 /root/.ansible/tmp/ansible-tmp-1656344900.32-31587-256796292721705/AnsiballZ_setup.py && sleep 0'
2022-06-27 18:48:21,322 p=31587 u=root n=ansible | <127.0.0.1> EXEC /bin/sh -c 'rm -f -r /root/.ansible/tmp/ansible-tmp-1656344900.32-31587-256796292721705/ > /dev/null 2>&1 && sleep 0'
2022-06-27 18:48:21,369 p=31578 u=root n=ansible | ok: [localhost]
2022-06-27 18:48:21,369 p=31578 u=root n=ansible | META: ran handlers
2022-06-27 18:48:21,399 p=31578 u=root n=ansible | TASK [deneme 1] *****************************************************************************************************************************************************************************************************************************
2022-06-27 18:48:21,399 p=31578 u=root n=ansible | task path: /var/lib/awx/projects/halkbank-infra/deneme.yml:6
2022-06-27 18:48:21,422 p=31645 u=root n=ansible | <localhost> ESTABLISH LOCAL CONNECTION FOR USER: root
2022-06-27 18:48:21,422 p=31645 u=root n=ansible | <localhost> EXEC /bin/sh -c 'echo ~root && sleep 0'
2022-06-27 18:48:21,432 p=31645 u=root n=ansible | <localhost> EXEC /bin/sh -c '( umask 77 && mkdir -p "` echo /root/.ansible/tmp `"&& mkdir /root/.ansible/tmp/ansible-tmp-1656344901.43-31645-29638497762727 && echo ansible-tmp-1656344901.43-31645-29638497762727="` echo /root/.ansible/tmp/ansible-tmp-1656344901.43-31645-29638497762727 `" ) && sleep 0'
2022-06-27 18:48:21,671 p=31645 u=root n=ansible | <localhost> EXEC /bin/sh -c 'rm -f -r /root/.ansible/tmp/ansible-tmp-1656344901.43-31645-29638497762727/ > /dev/null 2>&1 && sleep 0'
2022-06-27 18:48:21,695 p=31578 u=root n=ansible | fatal: [localhost]: FAILED! => {
    "msg": "Could not find imported module support code for version.  Looked for either LooseVersion.py or version.py"
}
2022-06-27 18:48:21,696 p=31578 u=root n=ansible | PLAY RECAP **********************************************************************************************************************************************************************************************************************************
2022-06-27 18:48:21,696 p=31578 u=root n=ansible | localhost                  : ok=1    changed=0    unreachable=0    failed=1    skipped=0    rescued=0    ignored=0   
2022-06-27 21:20:44,869 p=20692 u=root n=ansible | ansible-playbook 2.9.7
  config file = /var/lib/awx/projects/halkbank-infra/ansible.cfg
  configured module search path = [u'/root/.ansible/plugins/modules', u'/usr/share/ansible/plugins/modules']
  ansible python module location = /usr/lib/python2.7/site-packages/ansible
  executable location = /usr/bin/ansible-playbook
  python version = 2.7.5 (default, Aug 13 2020, 02:51:10) [GCC 4.8.5 20150623 (Red Hat 4.8.5-39)]
2022-06-27 21:20:44,870 p=20692 u=root n=ansible | Using /var/lib/awx/projects/halkbank-infra/ansible.cfg as config file
2022-06-27 21:20:44,883 p=20692 u=root n=ansible | host_list declined parsing /var/lib/awx/projects/halkbank-infra/inventory as it did not pass its verify_file() method
2022-06-27 21:20:44,883 p=20692 u=root n=ansible | script declined parsing /var/lib/awx/projects/halkbank-infra/inventory as it did not pass its verify_file() method
2022-06-27 21:20:44,883 p=20692 u=root n=ansible | auto declined parsing /var/lib/awx/projects/halkbank-infra/inventory as it did not pass its verify_file() method
2022-06-27 21:20:44,889 p=20692 u=root n=ansible | Parsed /var/lib/awx/projects/halkbank-infra/inventory inventory source with ini plugin
2022-06-27 21:20:45,207 p=20692 u=root n=spnego.gss | Python gssapi not available, cannot use any GSSAPIProxy protocols: No module named gssapi
2022-06-27 21:20:45,207 p=20692 u=root n=spnego.gss | Python gssapi IOV extension not available: No module named gssapi.raw
2022-06-27 21:20:45,227 p=20692 u=root n=spnego.sspi | SSPI bindings not available, cannot use any SSPIProxy protocols: No module named sspi
2022-06-27 21:20:45,381 p=20692 u=root n=ansible | PLAYBOOK: deneme.yml ************************************************************************************************************************************************************************************************************************
2022-06-27 21:20:45,381 p=20692 u=root n=ansible | 1 plays in deneme.yml
2022-06-27 21:20:45,387 p=20692 u=root n=ansible | PLAY [deneme] *******************************************************************************************************************************************************************************************************************************
2022-06-27 21:20:45,407 p=20692 u=root n=ansible | META: ran handlers
2022-06-27 21:20:45,416 p=20692 u=root n=ansible | TASK [deneme 1] *****************************************************************************************************************************************************************************************************************************
2022-06-27 21:20:45,416 p=20692 u=root n=ansible | task path: /var/lib/awx/projects/halkbank-infra/deneme.yml:7
2022-06-27 21:20:45,434 p=20702 u=root n=ansible | <localhost> ESTABLISH LOCAL CONNECTION FOR USER: root
2022-06-27 21:20:45,435 p=20702 u=root n=ansible | <localhost> EXEC /bin/sh -c 'echo ~root && sleep 0'
2022-06-27 21:20:45,447 p=20702 u=root n=ansible | <localhost> EXEC /bin/sh -c '( umask 77 && mkdir -p "` echo /root/.ansible/tmp `"&& mkdir /root/.ansible/tmp/ansible-tmp-1656354045.45-20702-27813308948579 && echo ansible-tmp-1656354045.45-20702-27813308948579="` echo /root/.ansible/tmp/ansible-tmp-1656354045.45-20702-27813308948579 `" ) && sleep 0'
2022-06-27 21:20:45,712 p=20702 u=root n=ansible | <localhost> EXEC /bin/sh -c 'rm -f -r /root/.ansible/tmp/ansible-tmp-1656354045.45-20702-27813308948579/ > /dev/null 2>&1 && sleep 0'
2022-06-27 21:20:45,737 p=20692 u=root n=ansible | fatal: [localhost]: FAILED! => {
    "msg": "Could not find imported module support code for version.  Looked for either LooseVersion.py or version.py"
}
2022-06-27 21:20:45,738 p=20692 u=root n=ansible | PLAY RECAP **********************************************************************************************************************************************************************************************************************************
2022-06-27 21:20:45,738 p=20692 u=root n=ansible | localhost                  : ok=0    changed=0    unreachable=0    failed=1    skipped=0    rescued=0    ignored=0   
